# JRE version: OpenJDK Runtime Environment (11.0.10) (build 11.0.10+0-b96-7249189)
# Java VM: OpenJDK 64-Bit Server VM (11.0.10+0-b96-7249189, mixed mode, tiered, compressed oops, g1 gc, windows-amd64)
Heap:
 garbage-first heap   total 338944K, used 171354K [0x00000000a0000000, 0x0000000100000000)
  region size 1024K, 2 young (2048K), 2 survivors (2048K)
 Metaspace       used 125064K, capacity 128511K, committed 128760K, reserved 1161216K
  class space    used 15409K, capacity 16606K, committed 16716K, reserved 1048576K
GC Heap History (20 events):
Event: 1392.956 GC heap after
{Heap after GC invocations=259 (full 0):
 garbage-first heap   total 286720K, used 161160K [0x00000000a0000000, 0x0000000100000000)
  region size 1024K, 2 young (2048K), 2 survivors (2048K)
 Metaspace       used 124882K, capacity 128167K, committed 128504K, reserved 1161216K
  class space    used 15406K, capacity 16605K, committed 16716K, reserved 1048576K
}
Event: 1402.299 GC heap before
{Heap before GC invocations=259 (full 0):
 garbage-first heap   total 286720K, used 172424K [0x00000000a0000000, 0x0000000100000000)
  region size 1024K, 14 young (14336K), 2 survivors (2048K)
 Metaspace       used 124928K, capacity 128231K, committed 128504K, reserved 1161216K
  class space    used 15408K, capacity 16605K, committed 16716K, reserved 1048576K
}
Event: 1402.413 GC heap after
{Heap after GC invocations=260 (full 0):
 garbage-first heap   total 286720K, used 162397K [0x00000000a0000000, 0x0000000100000000)
  region size 1024K, 2 young (2048K), 2 survivors (2048K)
 Metaspace       used 124928K, capacity 128231K, committed 128504K, reserved 1161216K
  class space    used 15408K, capacity 16605K, committed 16716K, reserved 1048576K
}
Event: 1411.537 GC heap before
{Heap before GC invocations=260 (full 0):
 garbage-first heap   total 286720K, used 173661K [0x00000000a0000000, 0x0000000100000000)
  region size 1024K, 14 young (14336K), 2 survivors (2048K)
 Metaspace       used 124986K, capacity 128310K, committed 128504K, reserved 1161216K
  class space    used 15408K, capacity 16605K, committed 16716K, reserved 1048576K
}
Event: 1412.148 GC heap after
{Heap after GC invocations=261 (full 0):
 garbage-first heap   total 286720K, used 163200K [0x00000000a0000000, 0x0000000100000000)
  region size 1024K, 1 young (1024K), 1 survivors (1024K)
 Metaspace       used 124986K, capacity 128310K, committed 128504K, reserved 1161216K
  class space    used 15408K, capacity 16605K, committed 16716K, reserved 1048576K
}
Event: 1433.393 GC heap before
{Heap before GC invocations=261 (full 0):
 garbage-first heap   total 286720K, used 175488K [0x00000000a0000000, 0x0000000100000000)
  region size 1024K, 14 young (14336K), 1 survivors (1024K)
 Metaspace       used 125016K, capacity 128316K, committed 128504K, reserved 1161216K
  class space    used 15409K, capacity 16606K, committed 16716K, reserved 1048576K
}
Event: 1434.030 GC heap after
{Heap after GC invocations=262 (full 0):
 garbage-first heap   total 286720K, used 163634K [0x00000000a0000000, 0x0000000100000000)
  region size 1024K, 2 young (2048K), 2 survivors (2048K)
 Metaspace       used 125016K, capacity 128316K, committed 128504K, reserved 1161216K
  class space    used 15409K, capacity 16606K, committed 16716K, reserved 1048576K
}
Event: 1441.848 GC heap before
{Heap before GC invocations=262 (full 0):
 garbage-first heap   total 286720K, used 175922K [0x00000000a0000000, 0x0000000100000000)
  region size 1024K, 14 young (14336K), 2 survivors (2048K)
 Metaspace       used 125056K, capacity 128511K, committed 128760K, reserved 1161216K
  class space    used 15409K, capacity 16606K, committed 16716K, reserved 1048576K
}
Event: 1442.289 GC heap after
{Heap after GC invocations=263 (full 0):
 garbage-first heap   total 286720K, used 164834K [0x00000000a0000000, 0x0000000100000000)
  region size 1024K, 2 young (2048K), 2 survivors (2048K)
 Metaspace       used 125056K, capacity 128511K, committed 128760K, reserved 1161216K
  class space    used 15409K, capacity 16606K, committed 16716K, reserved 1048576K
}
Event: 1444.214 GC heap before
{Heap before GC invocations=263 (full 0):
 garbage-first heap   total 286720K, used 178146K [0x00000000a0000000, 0x0000000100000000)
  region size 1024K, 14 young (14336K), 2 survivors (2048K)
 Metaspace       used 125064K, capacity 128511K, committed 128760K, reserved 1161216K
  class space    used 15409K, capacity 16606K, committed 16716K, reserved 1048576K
}
Event: 1444.509 GC heap after
{Heap after GC invocations=264 (full 0):
 garbage-first heap   total 286720K, used 167309K [0x00000000a0000000, 0x0000000100000000)
  region size 1024K, 1 young (1024K), 1 survivors (1024K)
 Metaspace       used 125064K, capacity 128511K, committed 128760K, reserved 1161216K
  class space    used 15409K, capacity 16606K, committed 16716K, reserved 1048576K
}
Event: 1444.989 GC heap before
{Heap before GC invocations=264 (full 0):
 garbage-first heap   total 286720K, used 180621K [0x00000000a0000000, 0x0000000100000000)
  region size 1024K, 14 young (14336K), 1 survivors (1024K)
 Metaspace       used 125064K, capacity 128511K, committed 128760K, reserved 1161216K
  class space    used 15409K, capacity 16606K, committed 16716K, reserved 1048576K
}
Event: 1445.041 GC heap after
{Heap after GC invocations=265 (full 0):
 garbage-first heap   total 286720K, used 166949K [0x00000000a0000000, 0x0000000100000000)
  region size 1024K, 2 young (2048K), 2 survivors (2048K)
 Metaspace       used 125064K, capacity 128511K, committed 128760K, reserved 1161216K
  class space    used 15409K, capacity 16606K, committed 16716K, reserved 1048576K
}
Event: 1445.716 GC heap before
{Heap before GC invocations=265 (full 0):
 garbage-first heap   total 286720K, used 182309K [0x00000000a0000000, 0x0000000100000000)
  region size 1024K, 14 young (14336K), 2 survivors (2048K)
 Metaspace       used 125064K, capacity 128511K, committed 128760K, reserved 1161216K
  class space    used 15409K, capacity 16606K, committed 16716K, reserved 1048576K
}
Event: 1446.052 GC heap after
{Heap after GC invocations=266 (full 0):
 garbage-first heap   total 286720K, used 168392K [0x00000000a0000000, 0x0000000100000000)
  region size 1024K, 2 young (2048K), 2 survivors (2048K)
 Metaspace       used 125064K, capacity 128511K, committed 128760K, reserved 1161216K
  class space    used 15409K, capacity 16606K, committed 16716K, reserved 1048576K
}
Event: 1446.233 GC heap before
{Heap before GC invocations=266 (full 0):
 garbage-first heap   total 286720K, used 179656K [0x00000000a0000000, 0x0000000100000000)
  region size 1024K, 14 young (14336K), 2 survivors (2048K)
 Metaspace       used 125064K, capacity 128511K, committed 128760K, reserved 1161216K
  class space    used 15409K, capacity 16606K, committed 16716K, reserved 1048576K
}
Event: 1446.458 GC heap after
{Heap after GC invocations=267 (full 0):
 garbage-first heap   total 286720K, used 169406K [0x00000000a0000000, 0x0000000100000000)
  region size 1024K, 2 young (2048K), 2 survivors (2048K)
 Metaspace       used 125064K, capacity 128511K, committed 128760K, reserved 1161216K
  class space    used 15409K, capacity 16606K, committed 16716K, reserved 1048576K
}
Event: 1446.564 GC heap before
{Heap before GC invocations=267 (full 0):
 garbage-first heap   total 286720K, used 180670K [0x00000000a0000000, 0x0000000100000000)
  region size 1024K, 14 young (14336K), 2 survivors (2048K)
 Metaspace       used 125064K, capacity 128511K, committed 128760K, reserved 1161216K
  class space    used 15409K, capacity 16606K, committed 16716K, reserved 1048576K
}
Event: 1446.567 GC heap after
{Heap after GC invocations=268 (full 0):
 garbage-first heap   total 286720K, used 170198K [0x00000000a0000000, 0x0000000100000000)
  region size 1024K, 2 young (2048K), 2 survivors (2048K)
 Metaspace       used 125064K, capacity 128511K, committed 128760K, reserved 1161216K
  class space    used 15409K, capacity 16606K, committed 16716K, reserved 1048576K
}
Event: 1446.610 GC heap before
{Heap before GC invocations=268 (full 0):
 garbage-first heap   total 286720K, used 182486K [0x00000000a0000000, 0x0000000100000000)
  region size 1024K, 14 young (14336K), 2 survivors (2048K)
 Metaspace       used 125064K, capacity 128511K, committed 128760K, reserved 1161216K
  class space    used 15409K, capacity 16606K, committed 16716K, reserved 1048576K
}

